Started GET "/" for ::1 at 2020-09-29 13:39:31 +0900
  [1m[35m (1.4ms)[0m  [1m[34mSELECT sqlite_version(*)[0m
Processing by PagesController#home as HTML
  Rendering pages/home.html.erb within layouts/application
  Rendered pages/home.html.erb within layouts/application (Duration: 1.5ms | Allocations: 442)
DEPRECATION WARNING: autoprefixer-rails was deprected. Migration guide:
https://github.com/ai/autoprefixer-rails/wiki/Deprecated (called from _app_views_layouts_application_html_erb___1915512839834699335_70336034981780 at /Users/yukiti/Like_instagram/app/views/layouts/application.html.erb:8)
[Webpacker] Compiling...
[Webpacker] Compiled all packs in /Users/yukiti/Like_instagram/public/packs
[Webpacker] Hash: b7f1fc774f6501e951eb
Version: webpack 4.44.1
Time: 1225ms
Built at: 2020-09-29 13:39:35
                                     Asset       Size       Chunks                         Chunk Names
    js/application-8268bc3b44e3e019ae2b.js    124 KiB  application  [emitted] [immutable]  application
js/application-8268bc3b44e3e019ae2b.js.map    139 KiB  application  [emitted] [dev]        application
                             manifest.json  364 bytes               [emitted]              
Entrypoint application = js/application-8268bc3b44e3e019ae2b.js js/application-8268bc3b44e3e019ae2b.js.map
[./app/javascript/channels sync recursive _channel\.js$] ./app/javascript/channels sync _channel\.js$ 160 bytes {application} [built]
[./app/javascript/channels/index.js] 211 bytes {application} [built]
[./app/javascript/packs/application.js] 820 bytes {application} [built]
[./node_modules/webpack/buildin/module.js] (webpack)/buildin/module.js 552 bytes {application} [built]
    + 3 hidden modules

Completed 200 OK in 4335ms (Views: 4325.4ms | ActiveRecord: 0.0ms | Allocations: 99003)


Started GET "/" for ::1 at 2020-09-29 13:40:29 +0900
Processing by PagesController#home as HTML
  Rendering pages/home.html.erb within layouts/application
  Rendered pages/home.html.erb within layouts/application (Duration: 0.1ms | Allocations: 27)
[Webpacker] Everything's up-to-date. Nothing to do
Completed 200 OK in 1394ms (Views: 1393.4ms | ActiveRecord: 0.0ms | Allocations: 70887)


Started GET "/" for ::1 at 2020-09-29 13:42:34 +0900
Processing by PagesController#home as HTML
  Rendering pages/home.html.erb within layouts/application
  Rendered pages/home.html.erb within layouts/application (Duration: 0.1ms | Allocations: 27)
[Webpacker] Everything's up-to-date. Nothing to do
Completed 200 OK in 11ms (Views: 10.0ms | ActiveRecord: 0.0ms | Allocations: 7321)


Started GET "/" for ::1 at 2020-09-29 13:42:36 +0900
Processing by PagesController#home as HTML
  Rendering pages/home.html.erb within layouts/application
  Rendered pages/home.html.erb within layouts/application (Duration: 0.1ms | Allocations: 26)
[Webpacker] Everything's up-to-date. Nothing to do
Completed 200 OK in 22ms (Views: 20.0ms | ActiveRecord: 0.0ms | Allocations: 7283)


Started GET "/" for ::1 at 2020-09-29 13:59:11 +0900
  [1m[35m (0.1ms)[0m  [1m[34mSELECT sqlite_version(*)[0m
Processing by PagesController#home as HTML
  Rendering pages/home.html.erb within layouts/application
  Rendered pages/home.html.erb within layouts/application (Duration: 0.6ms | Allocations: 149)
[Webpacker] Everything's up-to-date. Nothing to do
  Rendered partial/_navbar.html.erb (Duration: 0.8ms | Allocations: 76)
Completed 200 OK in 15ms (Views: 14.1ms | ActiveRecord: 0.0ms | Allocations: 8563)


Started GET "/" for ::1 at 2020-09-29 13:59:12 +0900
Processing by PagesController#home as HTML
  Rendering pages/home.html.erb within layouts/application
  Rendered pages/home.html.erb within layouts/application (Duration: 0.1ms | Allocations: 28)
[Webpacker] Everything's up-to-date. Nothing to do
  Rendered partial/_navbar.html.erb (Duration: 0.0ms | Allocations: 6)
Completed 200 OK in 19ms (Views: 18.5ms | ActiveRecord: 0.0ms | Allocations: 7288)


Started GET "/" for ::1 at 2020-09-29 14:00:44 +0900
Processing by PagesController#home as HTML
  Rendering pages/home.html.erb within layouts/application
  Rendered pages/home.html.erb within layouts/application (Duration: 0.1ms | Allocations: 26)
[Webpacker] Everything's up-to-date. Nothing to do
  Rendered partial/_navbar.html.erb (Duration: 0.0ms | Allocations: 6)
Completed 200 OK in 14ms (Views: 13.4ms | ActiveRecord: 0.0ms | Allocations: 7274)


Started GET "/" for ::1 at 2020-09-29 14:00:45 +0900
Processing by PagesController#home as HTML
  Rendering pages/home.html.erb within layouts/application
  Rendered pages/home.html.erb within layouts/application (Duration: 0.1ms | Allocations: 27)
[Webpacker] Everything's up-to-date. Nothing to do
  Rendered partial/_navbar.html.erb (Duration: 0.0ms | Allocations: 6)
Completed 200 OK in 24ms (Views: 23.8ms | ActiveRecord: 0.0ms | Allocations: 7281)


Started GET "/" for ::1 at 2020-09-29 14:00:47 +0900
Processing by PagesController#home as HTML
  Rendering pages/home.html.erb within layouts/application
  Rendered pages/home.html.erb within layouts/application (Duration: 0.1ms | Allocations: 26)
[Webpacker] Everything's up-to-date. Nothing to do
  Rendered partial/_navbar.html.erb (Duration: 0.0ms | Allocations: 6)
Completed 200 OK in 20ms (Views: 19.4ms | ActiveRecord: 0.0ms | Allocations: 7278)


Started GET "/" for ::1 at 2020-09-29 14:02:12 +0900
Processing by PagesController#home as HTML
  Rendering pages/home.html.erb within layouts/application
  Rendered pages/home.html.erb within layouts/application (Duration: 0.4ms | Allocations: 149)
[Webpacker] Everything's up-to-date. Nothing to do
  Rendered partial/_navbar.html.erb (Duration: 0.6ms | Allocations: 256)
Completed 200 OK in 14ms (Views: 12.8ms | ActiveRecord: 0.0ms | Allocations: 8777)


Started GET "/" for ::1 at 2020-09-29 14:03:46 +0900
Processing by PagesController#home as HTML
  Rendering pages/home.html.erb within layouts/application
  Rendered pages/home.html.erb within layouts/application (Duration: 0.4ms | Allocations: 144)
[Webpacker] Everything's up-to-date. Nothing to do
  Rendered partial/_navbar.html.erb (Duration: 0.7ms | Allocations: 254)
Completed 200 OK in 14ms (Views: 12.5ms | ActiveRecord: 0.0ms | Allocations: 8755)


Started GET "/" for ::1 at 2020-09-29 14:13:24 +0900
  [1m[35m (0.1ms)[0m  [1m[34mSELECT sqlite_version(*)[0m
Processing by PagesController#home as HTML
  Rendering pages/home.html.erb within layouts/application
  Rendered pages/home.html.erb within layouts/application (Duration: 0.5ms | Allocations: 144)
Completed 500 Internal Server Error in 11ms (ActiveRecord: 0.0ms | Allocations: 6855)


  
ActionView::SyntaxErrorInTemplate (Encountered a syntax error while rendering template: check <!DOCTYPE html>
<html>
  <head>
    <title>Techpitgram</title>
    <%= csrf_meta_tags %>
    <%= csp_meta_tag %>

    <%= stylesheet_link_tag 'application', media: 'all', 'data-turbolinks-track': 'reload' %>
    <%= javascript_pack_tag 'application', 'data-turbolinks-track': 'reload' %>
  </head>

  <body>
  <%# ここから %>
    <%=render "partial/navbar"%>

    <% if flash[:notice] %>
      <div class="alert alert-info">
        <%= flash[:notice]%>
      </div>
    <%= end %>
    <% if flash[:alert] %>
    <div class="alert alert-danger">
      <%= flash[:alert]%>
    </div>
    <%= end %>

    
     <%# ここまで %>
    <%= yield %>
  </body>
</html>

):
1:    <!DOCTYPE html>
2:    <html>
3:      <head>
4:        <title>Techpitgram</title>
5:        <%= csrf_meta_tags %>
6:        <%= csp_meta_tag %>
7:    
8:        <%= stylesheet_link_tag 'application', media: 'all', 'data-turbolinks-track': 'reload' %>
9:        <%= javascript_pack_tag 'application', 'data-turbolinks-track': 'reload' %>
10:      </head>
11:    
12:      <body>
13:      <%# ここから %>
14:        <%=render "partial/navbar"%>
15:    
16:        <% if flash[:notice] %>
17:          <div class="alert alert-info">
18:            <%= flash[:notice]%>
19:          </div>
20:        <%= end %>
21:        <% if flash[:alert] %>
22:        <div class="alert alert-danger">
23:          <%= flash[:alert]%>
24:        </div>
25:        <%= end %>
26:    
27:        
28:         <%# ここまで %>
29:        <%= yield %>
30:      </body>
31:    </html>
  
app/views/layouts/application.html.erb:20: syntax error, unexpected end
app/views/layouts/application.html.erb:25: syntax error, unexpected end
app/views/layouts/application.html.erb:34: syntax error, unexpected end, expecting ')'
app/views/layouts/application.html.erb:20: syntax error, unexpected end
app/views/layouts/application.html.erb:25: syntax error, unexpected end
app/views/layouts/application.html.erb:34: syntax error, unexpected end, expecting ')'
app/views/layouts/application.html.erb:20: syntax error, unexpected end
app/views/layouts/application.html.erb:25: syntax error, unexpected end
app/views/layouts/application.html.erb:34: syntax error, unexpected end, expecting ')'
app/views/layouts/application.html.erb:20: syntax error, unexpected end
app/views/layouts/application.html.erb:25: syntax error, unexpected end
app/views/layouts/application.html.erb:34: syntax error, unexpected end, expecting ')'
app/views/layouts/application.html.erb:20: syntax error, unexpected end
app/views/layouts/application.html.erb:25: syntax error, unexpected end
app/views/layouts/application.html.erb:34: syntax error, unexpected end, expecting ')'
app/views/layouts/application.html.erb:20: syntax error, unexpected end
app/views/layouts/application.html.erb:25: syntax error, unexpected end
app/views/layouts/application.html.erb:34: syntax error, unexpected end, expecting ')'
Started GET "/" for ::1 at 2020-09-29 14:13:50 +0900
Processing by PagesController#home as HTML
  Rendering pages/home.html.erb within layouts/application
  Rendered pages/home.html.erb within layouts/application (Duration: 0.7ms | Allocations: 144)
[Webpacker] Everything's up-to-date. Nothing to do
  Rendered partial/_navbar.html.erb (Duration: 0.5ms | Allocations: 260)
Completed 200 OK in 26ms (Views: 24.5ms | ActiveRecord: 0.0ms | Allocations: 8944)


  [1m[35m (0.3ms)[0m  [1m[34mSELECT sqlite_version(*)[0m
  [1m[35m (1.9ms)[0m  [1m[35mCREATE TABLE "schema_migrations" ("version" varchar NOT NULL PRIMARY KEY)[0m
  [1m[35m (1.0ms)[0m  [1m[35mCREATE TABLE "ar_internal_metadata" ("key" varchar NOT NULL PRIMARY KEY, "value" varchar, "created_at" datetime(6) NOT NULL, "updated_at" datetime(6) NOT NULL)[0m
  [1m[35m (0.1ms)[0m  [1m[34mSELECT "schema_migrations"."version" FROM "schema_migrations" ORDER BY "schema_migrations"."version" ASC[0m
Migrating to DeviseCreateUsers (20200929051701)
  [1m[35m (0.1ms)[0m  [1m[36mbegin transaction[0m
  [1m[35m (0.7ms)[0m  [1m[35mCREATE TABLE "users" ("id" integer PRIMARY KEY AUTOINCREMENT NOT NULL, "email" varchar DEFAULT '' NOT NULL, "encrypted_password" varchar DEFAULT '' NOT NULL, "reset_password_token" varchar, "reset_password_sent_at" datetime, "remember_created_at" datetime, "created_at" datetime(6) NOT NULL, "updated_at" datetime(6) NOT NULL)[0m
  [1m[35m (0.1ms)[0m  [1m[35mCREATE UNIQUE INDEX "index_users_on_email" ON "users" ("email")[0m
  [1m[35m (0.1ms)[0m  [1m[35mCREATE UNIQUE INDEX "index_users_on_reset_password_token" ON "users" ("reset_password_token")[0m
  [1m[36mprimary::SchemaMigration Create (0.2ms)[0m  [1m[32mINSERT INTO "schema_migrations" ("version") VALUES (?)[0m  [["version", "20200929051701"]]
  [1m[35m (1.3ms)[0m  [1m[36mcommit transaction[0m
  [1m[36mActiveRecord::InternalMetadata Load (0.2ms)[0m  [1m[34mSELECT "ar_internal_metadata".* FROM "ar_internal_metadata" WHERE "ar_internal_metadata"."key" = ? LIMIT ?[0m  [["key", "environment"], ["LIMIT", 1]]
  [1m[35m (0.1ms)[0m  [1m[36mbegin transaction[0m
  [1m[36mActiveRecord::InternalMetadata Create (0.3ms)[0m  [1m[32mINSERT INTO "ar_internal_metadata" ("key", "value", "created_at", "updated_at") VALUES (?, ?, ?, ?)[0m  [["key", "environment"], ["value", "development"], ["created_at", "2020-09-29 05:19:21.367709"], ["updated_at", "2020-09-29 05:19:21.367709"]]
  [1m[35m (0.6ms)[0m  [1m[36mcommit transaction[0m
  [1m[35m (0.0ms)[0m  [1m[34mSELECT sqlite_version(*)[0m
  [1m[35m (0.1ms)[0m  [1m[34mSELECT "schema_migrations"."version" FROM "schema_migrations" ORDER BY "schema_migrations"."version" ASC[0m
Started GET "/" for ::1 at 2020-09-29 14:20:11 +0900
  
NoMethodError (undefined method `devise_for' for #<ActionDispatch::Routing::Mapper:0x00007ff0ce9fd0f0>):
  
config/routes.rb:2:in `block in <main>'
config/routes.rb:1:in `<main>'
Started GET "/" for ::1 at 2020-09-29 14:20:13 +0900
  [1m[35m (0.1ms)[0m  [1m[34mSELECT sqlite_version(*)[0m
  [1m[35m (0.2ms)[0m  [1m[34mSELECT "schema_migrations"."version" FROM "schema_migrations" ORDER BY "schema_migrations"."version" ASC[0m
  
ActionController::RoutingError (No route matches [GET] "/"):
  
actionpack (6.0.3.2) lib/action_dispatch/middleware/debug_exceptions.rb:36:in `call'
web-console (4.0.4) lib/web_console/middleware.rb:132:in `call_app'
web-console (4.0.4) lib/web_console/middleware.rb:28:in `block in call'
web-console (4.0.4) lib/web_console/middleware.rb:17:in `catch'
web-console (4.0.4) lib/web_console/middleware.rb:17:in `call'
actionpack (6.0.3.2) lib/action_dispatch/middleware/show_exceptions.rb:33:in `call'
railties (6.0.3.2) lib/rails/rack/logger.rb:37:in `call_app'
railties (6.0.3.2) lib/rails/rack/logger.rb:26:in `block in call'
activesupport (6.0.3.2) lib/active_support/tagged_logging.rb:80:in `block in tagged'
activesupport (6.0.3.2) lib/active_support/tagged_logging.rb:28:in `tagged'
activesupport (6.0.3.2) lib/active_support/tagged_logging.rb:80:in `tagged'
railties (6.0.3.2) lib/rails/rack/logger.rb:26:in `call'
sprockets-rails (3.2.1) lib/sprockets/rails/quiet_assets.rb:13:in `call'
actionpack (6.0.3.2) lib/action_dispatch/middleware/remote_ip.rb:81:in `call'
actionpack (6.0.3.2) lib/action_dispatch/middleware/request_id.rb:27:in `call'
rack (2.2.3) lib/rack/method_override.rb:24:in `call'
rack (2.2.3) lib/rack/runtime.rb:22:in `call'
activesupport (6.0.3.2) lib/active_support/cache/strategy/local_cache_middleware.rb:29:in `call'
actionpack (6.0.3.2) lib/action_dispatch/middleware/executor.rb:14:in `call'
actionpack (6.0.3.2) lib/action_dispatch/middleware/static.rb:126:in `call'
rack (2.2.3) lib/rack/sendfile.rb:110:in `call'
actionpack (6.0.3.2) lib/action_dispatch/middleware/host_authorization.rb:82:in `call'
webpacker (4.3.0) lib/webpacker/dev_server_proxy.rb:23:in `perform_request'
rack-proxy (0.6.5) lib/rack/proxy.rb:57:in `call'
railties (6.0.3.2) lib/rails/engine.rb:527:in `call'
puma (4.3.5) lib/puma/configuration.rb:228:in `call'
puma (4.3.5) lib/puma/server.rb:713:in `handle_request'
puma (4.3.5) lib/puma/server.rb:472:in `process_client'
puma (4.3.5) lib/puma/server.rb:328:in `block in run'
puma (4.3.5) lib/puma/thread_pool.rb:134:in `block in spawn_thread'
Started GET "/" for ::1 at 2020-09-29 14:20:14 +0900
  
ActionController::RoutingError (No route matches [GET] "/"):
  
actionpack (6.0.3.2) lib/action_dispatch/middleware/debug_exceptions.rb:36:in `call'
web-console (4.0.4) lib/web_console/middleware.rb:132:in `call_app'
web-console (4.0.4) lib/web_console/middleware.rb:28:in `block in call'
web-console (4.0.4) lib/web_console/middleware.rb:17:in `catch'
web-console (4.0.4) lib/web_console/middleware.rb:17:in `call'
actionpack (6.0.3.2) lib/action_dispatch/middleware/show_exceptions.rb:33:in `call'
railties (6.0.3.2) lib/rails/rack/logger.rb:37:in `call_app'
railties (6.0.3.2) lib/rails/rack/logger.rb:26:in `block in call'
activesupport (6.0.3.2) lib/active_support/tagged_logging.rb:80:in `block in tagged'
activesupport (6.0.3.2) lib/active_support/tagged_logging.rb:28:in `tagged'
activesupport (6.0.3.2) lib/active_support/tagged_logging.rb:80:in `tagged'
railties (6.0.3.2) lib/rails/rack/logger.rb:26:in `call'
sprockets-rails (3.2.1) lib/sprockets/rails/quiet_assets.rb:13:in `call'
actionpack (6.0.3.2) lib/action_dispatch/middleware/remote_ip.rb:81:in `call'
actionpack (6.0.3.2) lib/action_dispatch/middleware/request_id.rb:27:in `call'
rack (2.2.3) lib/rack/method_override.rb:24:in `call'
rack (2.2.3) lib/rack/runtime.rb:22:in `call'
activesupport (6.0.3.2) lib/active_support/cache/strategy/local_cache_middleware.rb:29:in `call'
actionpack (6.0.3.2) lib/action_dispatch/middleware/executor.rb:14:in `call'
actionpack (6.0.3.2) lib/action_dispatch/middleware/static.rb:126:in `call'
rack (2.2.3) lib/rack/sendfile.rb:110:in `call'
actionpack (6.0.3.2) lib/action_dispatch/middleware/host_authorization.rb:82:in `call'
webpacker (4.3.0) lib/webpacker/dev_server_proxy.rb:23:in `perform_request'
rack-proxy (0.6.5) lib/rack/proxy.rb:57:in `call'
railties (6.0.3.2) lib/rails/engine.rb:527:in `call'
puma (4.3.5) lib/puma/configuration.rb:228:in `call'
puma (4.3.5) lib/puma/server.rb:713:in `handle_request'
puma (4.3.5) lib/puma/server.rb:472:in `process_client'
puma (4.3.5) lib/puma/server.rb:328:in `block in run'
puma (4.3.5) lib/puma/thread_pool.rb:134:in `block in spawn_thread'
Started GET "/" for ::1 at 2020-09-29 14:20:15 +0900
  
ActionController::RoutingError (No route matches [GET] "/"):
  
actionpack (6.0.3.2) lib/action_dispatch/middleware/debug_exceptions.rb:36:in `call'
web-console (4.0.4) lib/web_console/middleware.rb:132:in `call_app'
web-console (4.0.4) lib/web_console/middleware.rb:28:in `block in call'
web-console (4.0.4) lib/web_console/middleware.rb:17:in `catch'
web-console (4.0.4) lib/web_console/middleware.rb:17:in `call'
actionpack (6.0.3.2) lib/action_dispatch/middleware/show_exceptions.rb:33:in `call'
railties (6.0.3.2) lib/rails/rack/logger.rb:37:in `call_app'
railties (6.0.3.2) lib/rails/rack/logger.rb:26:in `block in call'
activesupport (6.0.3.2) lib/active_support/tagged_logging.rb:80:in `block in tagged'
activesupport (6.0.3.2) lib/active_support/tagged_logging.rb:28:in `tagged'
activesupport (6.0.3.2) lib/active_support/tagged_logging.rb:80:in `tagged'
railties (6.0.3.2) lib/rails/rack/logger.rb:26:in `call'
sprockets-rails (3.2.1) lib/sprockets/rails/quiet_assets.rb:13:in `call'
actionpack (6.0.3.2) lib/action_dispatch/middleware/remote_ip.rb:81:in `call'
actionpack (6.0.3.2) lib/action_dispatch/middleware/request_id.rb:27:in `call'
rack (2.2.3) lib/rack/method_override.rb:24:in `call'
rack (2.2.3) lib/rack/runtime.rb:22:in `call'
activesupport (6.0.3.2) lib/active_support/cache/strategy/local_cache_middleware.rb:29:in `call'
actionpack (6.0.3.2) lib/action_dispatch/middleware/executor.rb:14:in `call'
actionpack (6.0.3.2) lib/action_dispatch/middleware/static.rb:126:in `call'
rack (2.2.3) lib/rack/sendfile.rb:110:in `call'
actionpack (6.0.3.2) lib/action_dispatch/middleware/host_authorization.rb:82:in `call'
webpacker (4.3.0) lib/webpacker/dev_server_proxy.rb:23:in `perform_request'
rack-proxy (0.6.5) lib/rack/proxy.rb:57:in `call'
railties (6.0.3.2) lib/rails/engine.rb:527:in `call'
puma (4.3.5) lib/puma/configuration.rb:228:in `call'
puma (4.3.5) lib/puma/server.rb:713:in `handle_request'
puma (4.3.5) lib/puma/server.rb:472:in `process_client'
puma (4.3.5) lib/puma/server.rb:328:in `block in run'
puma (4.3.5) lib/puma/thread_pool.rb:134:in `block in spawn_thread'
Started GET "/" for ::1 at 2020-09-29 14:20:19 +0900
  
ActionController::RoutingError (No route matches [GET] "/"):
  
actionpack (6.0.3.2) lib/action_dispatch/middleware/debug_exceptions.rb:36:in `call'
web-console (4.0.4) lib/web_console/middleware.rb:132:in `call_app'
web-console (4.0.4) lib/web_console/middleware.rb:28:in `block in call'
web-console (4.0.4) lib/web_console/middleware.rb:17:in `catch'
web-console (4.0.4) lib/web_console/middleware.rb:17:in `call'
actionpack (6.0.3.2) lib/action_dispatch/middleware/show_exceptions.rb:33:in `call'
railties (6.0.3.2) lib/rails/rack/logger.rb:37:in `call_app'
railties (6.0.3.2) lib/rails/rack/logger.rb:26:in `block in call'
activesupport (6.0.3.2) lib/active_support/tagged_logging.rb:80:in `block in tagged'
activesupport (6.0.3.2) lib/active_support/tagged_logging.rb:28:in `tagged'
activesupport (6.0.3.2) lib/active_support/tagged_logging.rb:80:in `tagged'
railties (6.0.3.2) lib/rails/rack/logger.rb:26:in `call'
sprockets-rails (3.2.1) lib/sprockets/rails/quiet_assets.rb:13:in `call'
actionpack (6.0.3.2) lib/action_dispatch/middleware/remote_ip.rb:81:in `call'
actionpack (6.0.3.2) lib/action_dispatch/middleware/request_id.rb:27:in `call'
rack (2.2.3) lib/rack/method_override.rb:24:in `call'
rack (2.2.3) lib/rack/runtime.rb:22:in `call'
activesupport (6.0.3.2) lib/active_support/cache/strategy/local_cache_middleware.rb:29:in `call'
actionpack (6.0.3.2) lib/action_dispatch/middleware/executor.rb:14:in `call'
actionpack (6.0.3.2) lib/action_dispatch/middleware/static.rb:126:in `call'
rack (2.2.3) lib/rack/sendfile.rb:110:in `call'
actionpack (6.0.3.2) lib/action_dispatch/middleware/host_authorization.rb:82:in `call'
webpacker (4.3.0) lib/webpacker/dev_server_proxy.rb:23:in `perform_request'
rack-proxy (0.6.5) lib/rack/proxy.rb:57:in `call'
railties (6.0.3.2) lib/rails/engine.rb:527:in `call'
puma (4.3.5) lib/puma/configuration.rb:228:in `call'
puma (4.3.5) lib/puma/server.rb:713:in `handle_request'
puma (4.3.5) lib/puma/server.rb:472:in `process_client'
puma (4.3.5) lib/puma/server.rb:328:in `block in run'
puma (4.3.5) lib/puma/thread_pool.rb:134:in `block in spawn_thread'
Started GET "/" for ::1 at 2020-09-29 14:20:59 +0900
  [1m[35m (0.3ms)[0m  [1m[34mSELECT sqlite_version(*)[0m
  [1m[35m (0.1ms)[0m  [1m[34mSELECT "schema_migrations"."version" FROM "schema_migrations" ORDER BY "schema_migrations"."version" ASC[0m
Processing by PagesController#home as HTML
  Rendering pages/home.html.erb within layouts/application
  Rendered pages/home.html.erb within layouts/application (Duration: 11.5ms | Allocations: 308)
[Webpacker] Everything's up-to-date. Nothing to do
  Rendered partial/_navbar.html.erb (Duration: 2.2ms | Allocations: 277)
Completed 200 OK in 116ms (Views: 109.0ms | ActiveRecord: 0.0ms | Allocations: 28198)


Started GET "/" for ::1 at 2020-09-29 14:21:02 +0900
Processing by PagesController#home as HTML
  Rendering pages/home.html.erb within layouts/application
  Rendered pages/home.html.erb within layouts/application (Duration: 0.1ms | Allocations: 27)
[Webpacker] Everything's up-to-date. Nothing to do
  Rendered partial/_navbar.html.erb (Duration: 0.2ms | Allocations: 83)
Completed 200 OK in 23ms (Views: 22.5ms | ActiveRecord: 0.0ms | Allocations: 7479)


Started GET "/users/sign_up" for ::1 at 2020-09-29 14:21:06 +0900
Processing by Devise::RegistrationsController#new as HTML
  Rendering devise/registrations/new.html.erb within layouts/application
  Rendered devise/shared/_error_messages.html.erb (Duration: 0.4ms | Allocations: 216)
  Rendered devise/shared/_links.html.erb (Duration: 1.2ms | Allocations: 546)
  Rendered devise/registrations/new.html.erb within layouts/application (Duration: 32.1ms | Allocations: 8718)
[Webpacker] Everything's up-to-date. Nothing to do
  Rendered partial/_navbar.html.erb (Duration: 0.2ms | Allocations: 77)
Completed 200 OK in 75ms (Views: 64.3ms | ActiveRecord: 0.7ms | Allocations: 23180)


Started GET "/users/sign_up" for ::1 at 2020-09-29 14:24:38 +0900
Processing by Devise::RegistrationsController#new as HTML
  Rendering devise/registrations/new.html.erb within layouts/application
  Rendered devise/shared/_error_messages.html.erb (Duration: 0.4ms | Allocations: 206)
  Rendered devise/shared/_links.html.erb (Duration: 1.6ms | Allocations: 490)
  Rendered devise/registrations/new.html.erb within layouts/application (Duration: 7.0ms | Allocations: 2296)
[Webpacker] Everything's up-to-date. Nothing to do
Completed 200 OK in 41ms (Views: 39.0ms | ActiveRecord: 0.0ms | Allocations: 11408)


Started POST "/users" for ::1 at 2020-09-29 14:26:00 +0900
Processing by Devise::RegistrationsController#create as HTML
  Parameters: {"authenticity_token"=>"Jz3PwnJ58wmyizyWMLB9biPjS5dg0Y492G7IBGdbFFleeq6bi1GAiX5z8Qbh6wKmu5nu07HSNfV4cbG64A9tzw==", "user"=>{"email"=>"mamekiti084@gmail.com", "password"=>"[FILTERED]", "password_confirmation"=>"[FILTERED]"}, "commit"=>"Sign up"}
  [1m[35m (0.1ms)[0m  [1m[36mbegin transaction[0m
  [1m[36mUser Exists? (0.2ms)[0m  [1m[34mSELECT 1 AS one FROM "users" WHERE "users"."email" = ? LIMIT ?[0m  [["email", "mamekiti084@gmail.com"], ["LIMIT", 1]]
  [1m[36mUser Create (0.4ms)[0m  [1m[32mINSERT INTO "users" ("email", "encrypted_password", "created_at", "updated_at") VALUES (?, ?, ?, ?)[0m  [["email", "mamekiti084@gmail.com"], ["encrypted_password", "$2a$12$.WJrIX7La840Fs3wKe93SOtsKrmUD0VYpA0/PzAoNatmYCm9J5vzu"], ["created_at", "2020-09-29 05:26:00.829174"], ["updated_at", "2020-09-29 05:26:00.829174"]]
  [1m[35m (1.0ms)[0m  [1m[36mcommit transaction[0m
Redirected to http://localhost:3000/
Completed 302 Found in 240ms (ActiveRecord: 1.7ms | Allocations: 10808)


Started GET "/" for ::1 at 2020-09-29 14:26:00 +0900
Processing by PagesController#home as HTML
  Rendering pages/home.html.erb within layouts/application
  Rendered pages/home.html.erb within layouts/application (Duration: 0.6ms | Allocations: 144)
[Webpacker] Everything's up-to-date. Nothing to do
  [1m[36mUser Load (0.2ms)[0m  [1m[34mSELECT "users".* FROM "users" WHERE "users"."id" = ? ORDER BY "users"."id" ASC LIMIT ?[0m  [["id", 1], ["LIMIT", 1]]
  ↳ app/views/layouts/application.html.erb:14
  Rendered partial/_navbar.html.erb (Duration: 0.6ms | Allocations: 254)
Completed 200 OK in 17ms (Views: 15.7ms | ActiveRecord: 0.2ms | Allocations: 9560)


Started GET "/" for ::1 at 2020-09-29 14:26:04 +0900
Processing by PagesController#home as HTML
  Rendering pages/home.html.erb within layouts/application
  Rendered pages/home.html.erb within layouts/application (Duration: 0.1ms | Allocations: 26)
[Webpacker] Everything's up-to-date. Nothing to do
  [1m[36mUser Load (0.1ms)[0m  [1m[34mSELECT "users".* FROM "users" WHERE "users"."id" = ? ORDER BY "users"."id" ASC LIMIT ?[0m  [["id", 1], ["LIMIT", 1]]
  ↳ app/views/layouts/application.html.erb:14
  Rendered partial/_navbar.html.erb (Duration: 0.3ms | Allocations: 83)
Completed 200 OK in 14ms (Views: 13.3ms | ActiveRecord: 0.1ms | Allocations: 8367)


  [1m[35m (0.5ms)[0m  [1m[34mSELECT sqlite_version(*)[0m
  [1m[36mUser Load (0.2ms)[0m  [1m[34mSELECT "users".* FROM "users" ORDER BY "users"."id" ASC LIMIT ?[0m  [["LIMIT", 1]]
Started GET "/" for ::1 at 2020-09-29 14:30:45 +0900
Processing by PagesController#home as HTML
  Rendering pages/home.html.erb within layouts/application
  Rendered pages/home.html.erb within layouts/application (Duration: 317.1ms | Allocations: 199396)
Completed 500 Internal Server Error in 321ms (ActiveRecord: 0.0ms | Allocations: 200661)


  
ActionView::Template::Error (undefined local variable or method `delete' for #<#<Class:0x00007fc5a2ff9640>:0x00007fc5ab81f7b8>):
    1: <%= link_to "サインアウト", destroy_user_session_path, method:delete%>
    2: <p>仮のトップページ</p>
    3: 
    4: <%# ここに追加 %>
  
app/views/pages/home.html.erb:1
Started GET "/" for ::1 at 2020-09-29 14:31:46 +0900
Processing by PagesController#home as HTML
  Rendering pages/home.html.erb within layouts/application
  Rendered pages/home.html.erb within layouts/application (Duration: 318.7ms | Allocations: 199378)
Completed 500 Internal Server Error in 322ms (ActiveRecord: 0.0ms | Allocations: 200653)


  
ActionView::Template::Error (undefined local variable or method `delete' for #<#<Class:0x00007fc5a6c29110>:0x00007fc5a6c33728>):
    1: <%= link_to "サインアウト", destroy_user_session_path, method:delete %>
    2: <p>仮のトップページ</p>
    3: 
    4: <%# ここに追加 %>
  
app/views/pages/home.html.erb:1
Started GET "/" for ::1 at 2020-09-29 14:31:50 +0900
Processing by PagesController#home as HTML
  Rendering pages/home.html.erb within layouts/application
  Rendered pages/home.html.erb within layouts/application (Duration: 285.7ms | Allocations: 199235)
Completed 500 Internal Server Error in 287ms (ActiveRecord: 0.0ms | Allocations: 199656)


  
ActionView::Template::Error (undefined local variable or method `delete' for #<#<Class:0x00007fc5a6c29110>:0x00007fc5a647f5e0>):
    1: <%= link_to "サインアウト", destroy_user_session_path, method:delete %>
    2: <p>仮のトップページ</p>
    3: 
    4: <%# ここに追加 %>
  
app/views/pages/home.html.erb:1
Started GET "/" for ::1 at 2020-09-29 14:32:26 +0900
Processing by PagesController#home as HTML
  Rendering pages/home.html.erb within layouts/application
  Rendered pages/home.html.erb within layouts/application (Duration: 0.6ms | Allocations: 207)
[Webpacker] Everything's up-to-date. Nothing to do
  [1m[36mUser Load (0.1ms)[0m  [1m[34mSELECT "users".* FROM "users" WHERE "users"."id" = ? ORDER BY "users"."id" ASC LIMIT ?[0m  [["id", 1], ["LIMIT", 1]]
  ↳ app/views/layouts/application.html.erb:14
  Rendered partial/_navbar.html.erb (Duration: 0.4ms | Allocations: 245)
Completed 200 OK in 17ms (Views: 16.2ms | ActiveRecord: 0.1ms | Allocations: 10110)


Started DELETE "/users/sign_out" for ::1 at 2020-09-29 14:32:27 +0900
Processing by Devise::SessionsController#destroy as HTML
  Parameters: {"authenticity_token"=>"7F8GGKj+AkFf6vMwcGIE7SqHAZuqVesZSIgBTEQTSICVGGdBUdZxwZMSPqChOXslsv2k33tWUNHol3jyw0cxFg=="}
  [1m[36mUser Load (0.1ms)[0m  [1m[34mSELECT "users".* FROM "users" WHERE "users"."id" = ? ORDER BY "users"."id" ASC LIMIT ?[0m  [["id", 1], ["LIMIT", 1]]
Redirected to http://localhost:3000/
Completed 302 Found in 7ms (ActiveRecord: 0.1ms | Allocations: 2891)


Started GET "/" for ::1 at 2020-09-29 14:32:27 +0900
Processing by PagesController#home as HTML
  Rendering pages/home.html.erb within layouts/application
  Rendered pages/home.html.erb within layouts/application (Duration: 0.2ms | Allocations: 72)
[Webpacker] Everything's up-to-date. Nothing to do
Completed 200 OK in 11ms (Views: 10.3ms | ActiveRecord: 0.0ms | Allocations: 7469)


Started GET "/" for ::1 at 2020-09-29 14:36:53 +0900
Processing by PagesController#home as HTML
  Rendering pages/home.html.erb within layouts/application
  Rendered pages/home.html.erb within layouts/application (Duration: 0.7ms | Allocations: 265)
[Webpacker] Everything's up-to-date. Nothing to do
Completed 200 OK in 13ms (Views: 12.3ms | ActiveRecord: 0.0ms | Allocations: 8782)


Started GET "/" for ::1 at 2020-09-29 14:36:55 +0900
Processing by PagesController#home as HTML
  Rendering pages/home.html.erb within layouts/application
  Rendered pages/home.html.erb within layouts/application (Duration: 0.3ms | Allocations: 107)
[Webpacker] Everything's up-to-date. Nothing to do
Completed 200 OK in 13ms (Views: 12.8ms | ActiveRecord: 0.0ms | Allocations: 7437)


Started GET "/" for ::1 at 2020-09-29 14:37:07 +0900
Processing by PagesController#home as HTML
  Rendering pages/home.html.erb within layouts/application
  Rendered pages/home.html.erb within layouts/application (Duration: 0.3ms | Allocations: 105)
[Webpacker] Everything's up-to-date. Nothing to do
Completed 200 OK in 13ms (Views: 12.4ms | ActiveRecord: 0.0ms | Allocations: 7433)


Started GET "/" for ::1 at 2020-09-29 14:37:08 +0900
Processing by PagesController#home as HTML
  Rendering pages/home.html.erb within layouts/application
  Rendered pages/home.html.erb within layouts/application (Duration: 0.3ms | Allocations: 105)
[Webpacker] Everything's up-to-date. Nothing to do
Completed 200 OK in 14ms (Views: 13.2ms | ActiveRecord: 0.0ms | Allocations: 7437)


Started GET "/" for ::1 at 2020-09-29 14:37:33 +0900
Processing by PagesController#home as HTML
  Rendering pages/home.html.erb within layouts/application
  Rendered pages/home.html.erb within layouts/application (Duration: 0.7ms | Allocations: 264)
[Webpacker] Everything's up-to-date. Nothing to do
Completed 200 OK in 13ms (Views: 11.8ms | ActiveRecord: 0.0ms | Allocations: 8782)


Started GET "/" for ::1 at 2020-09-29 14:37:34 +0900
Processing by PagesController#home as HTML
  Rendering pages/home.html.erb within layouts/application
  Rendered pages/home.html.erb within layouts/application (Duration: 0.5ms | Allocations: 107)
[Webpacker] Everything's up-to-date. Nothing to do
Completed 200 OK in 17ms (Views: 15.6ms | ActiveRecord: 0.0ms | Allocations: 7437)


Started GET "/users/sign_up" for ::1 at 2020-09-29 14:37:38 +0900
Processing by Devise::RegistrationsController#new as HTML
  Rendering devise/registrations/new.html.erb within layouts/application
  Rendered devise/shared/_error_messages.html.erb (Duration: 0.4ms | Allocations: 206)
  Rendered devise/shared/_links.html.erb (Duration: 0.7ms | Allocations: 491)
  Rendered devise/registrations/new.html.erb within layouts/application (Duration: 4.1ms | Allocations: 2311)
[Webpacker] Everything's up-to-date. Nothing to do
Completed 200 OK in 16ms (Views: 15.2ms | ActiveRecord: 0.0ms | Allocations: 10892)


Started POST "/users" for ::1 at 2020-09-29 14:37:46 +0900
Processing by Devise::RegistrationsController#create as HTML
  Parameters: {"authenticity_token"=>"jNwCgOKnafB32Re6PiYrE3Z1U07I8OVOHXcAqpAj0IOW9amnT2obBU6w637rSg6/ciiJNAnt8S/QaQXBEc+aVw==", "user"=>{"email"=>"mamekiti084@gmail.com", "password"=>"[FILTERED]", "password_confirmation"=>"[FILTERED]"}, "commit"=>"Sign up"}
  [1m[35m (0.1ms)[0m  [1m[36mbegin transaction[0m
  [1m[36mUser Exists? (0.2ms)[0m  [1m[34mSELECT 1 AS one FROM "users" WHERE "users"."email" = ? LIMIT ?[0m  [["email", "mamekiti084@gmail.com"], ["LIMIT", 1]]
  [1m[35m (0.0ms)[0m  [1m[31mrollback transaction[0m
  Rendering devise/registrations/new.html.erb within layouts/application
  Rendered devise/shared/_error_messages.html.erb (Duration: 0.3ms | Allocations: 227)
  Rendered devise/shared/_links.html.erb (Duration: 0.1ms | Allocations: 78)
  Rendered devise/registrations/new.html.erb within layouts/application (Duration: 1.7ms | Allocations: 1285)
[Webpacker] Everything's up-to-date. Nothing to do
Completed 200 OK in 244ms (Views: 9.6ms | ActiveRecord: 0.3ms | Allocations: 15689)


Started GET "/users/sign_in" for ::1 at 2020-09-29 14:37:54 +0900
Processing by Devise::SessionsController#new as HTML
  Rendering devise/sessions/new.html.erb within layouts/application
  Rendered devise/shared/_links.html.erb (Duration: 0.4ms | Allocations: 216)
  Rendered devise/sessions/new.html.erb within layouts/application (Duration: 15.3ms | Allocations: 6153)
[Webpacker] Everything's up-to-date. Nothing to do
Completed 200 OK in 28ms (Views: 26.8ms | ActiveRecord: 0.0ms | Allocations: 14317)


Started POST "/users/sign_in" for ::1 at 2020-09-29 14:38:03 +0900
Processing by Devise::SessionsController#create as HTML
  Parameters: {"authenticity_token"=>"WlLvmXd6Ff3FzbSVWaOov8Bw1LHiuaSomD03eeQLQdu3t+YSOsIad3K7KoQ2bW+iYSgxk2MGp8zZ6JCRU/CL/g==", "user"=>{"email"=>"mamekiti084@gmail.com", "password"=>"[FILTERED]", "remember_me"=>"0"}, "commit"=>"Log in"}
  [1m[36mUser Load (0.2ms)[0m  [1m[34mSELECT "users".* FROM "users" WHERE "users"."email" = ? ORDER BY "users"."id" ASC LIMIT ?[0m  [["email", "mamekiti084@gmail.com"], ["LIMIT", 1]]
Redirected to http://localhost:3000/
Completed 302 Found in 217ms (ActiveRecord: 0.2ms | Allocations: 3298)


Started GET "/" for ::1 at 2020-09-29 14:38:03 +0900
Processing by PagesController#home as HTML
  Rendering pages/home.html.erb within layouts/application
  [1m[36mUser Load (0.1ms)[0m  [1m[34mSELECT "users".* FROM "users" WHERE "users"."id" = ? ORDER BY "users"."id" ASC LIMIT ?[0m  [["id", 1], ["LIMIT", 1]]
  ↳ app/views/pages/home.html.erb:1
  Rendered pages/home.html.erb within layouts/application (Duration: 1.4ms | Allocations: 964)
[Webpacker] Everything's up-to-date. Nothing to do
  Rendered partial/_navbar.html.erb (Duration: 0.8ms | Allocations: 245)
Completed 200 OK in 13ms (Views: 12.3ms | ActiveRecord: 0.1ms | Allocations: 8737)


Started DELETE "/users/sign_out" for ::1 at 2020-09-29 14:38:06 +0900
Processing by Devise::SessionsController#destroy as HTML
  Parameters: {"authenticity_token"=>"GodRw/EykGb2Ejqy9vNe3+HClZmIlWcyC7xmHuFlbd/k0WhjKLyBhSxxy55VID5R+WCrIiFV7zNKS4XO59uWcw=="}
  [1m[36mUser Load (0.2ms)[0m  [1m[34mSELECT "users".* FROM "users" WHERE "users"."id" = ? ORDER BY "users"."id" ASC LIMIT ?[0m  [["id", 1], ["LIMIT", 1]]
Redirected to http://localhost:3000/
Completed 302 Found in 4ms (ActiveRecord: 0.2ms | Allocations: 2084)


Started GET "/" for ::1 at 2020-09-29 14:38:06 +0900
Processing by PagesController#home as HTML
  Rendering pages/home.html.erb within layouts/application
  Rendered pages/home.html.erb within layouts/application (Duration: 0.2ms | Allocations: 106)
[Webpacker] Everything's up-to-date. Nothing to do
Completed 200 OK in 9ms (Views: 8.5ms | ActiveRecord: 0.0ms | Allocations: 7455)


Started GET "/" for ::1 at 2020-09-29 14:38:20 +0900
Processing by PagesController#home as HTML
  Rendering pages/home.html.erb within layouts/application
  Rendered pages/home.html.erb within layouts/application (Duration: 0.3ms | Allocations: 105)
[Webpacker] Everything's up-to-date. Nothing to do
Completed 200 OK in 14ms (Views: 13.0ms | ActiveRecord: 0.0ms | Allocations: 7436)


Started GET "/" for ::1 at 2020-09-29 14:39:25 +0900
Processing by PagesController#home as HTML
  Rendering pages/home.html.erb within layouts/application
  Rendered pages/home.html.erb within layouts/application (Duration: 0.3ms | Allocations: 105)
[Webpacker] Everything's up-to-date. Nothing to do
Completed 200 OK in 12ms (Views: 11.4ms | ActiveRecord: 0.0ms | Allocations: 7431)


Started GET "/" for ::1 at 2020-09-29 14:39:27 +0900
Processing by PagesController#home as HTML
  Rendering pages/home.html.erb within layouts/application
  Rendered pages/home.html.erb within layouts/application (Duration: 0.2ms | Allocations: 105)
[Webpacker] Everything's up-to-date. Nothing to do
Completed 200 OK in 13ms (Views: 12.7ms | ActiveRecord: 0.0ms | Allocations: 7432)


Started GET "/users/sign_up" for ::1 at 2020-09-29 14:39:33 +0900
Processing by Devise::RegistrationsController#new as HTML
  Rendering devise/registrations/new.html.erb within layouts/application
  Rendered devise/shared/_error_messages.html.erb (Duration: 0.0ms | Allocations: 15)
  Rendered devise/shared/_links.html.erb (Duration: 0.2ms | Allocations: 79)
  Rendered devise/registrations/new.html.erb within layouts/application (Duration: 2.2ms | Allocations: 1074)
[Webpacker] Everything's up-to-date. Nothing to do
Completed 200 OK in 13ms (Views: 12.0ms | ActiveRecord: 0.0ms | Allocations: 8614)


Started GET "/users/sign_in" for ::1 at 2020-09-29 14:39:37 +0900
Processing by Devise::SessionsController#new as HTML
  Rendering devise/sessions/new.html.erb within layouts/application
  Rendered devise/shared/_links.html.erb (Duration: 0.2ms | Allocations: 134)
  Rendered devise/sessions/new.html.erb within layouts/application (Duration: 1.8ms | Allocations: 1069)
[Webpacker] Everything's up-to-date. Nothing to do
Completed 200 OK in 13ms (Views: 11.5ms | ActiveRecord: 0.0ms | Allocations: 8683)


  [1m[35m (0.3ms)[0m  [1m[34mSELECT sqlite_version(*)[0m
  [1m[35m (0.1ms)[0m  [1m[34mSELECT "schema_migrations"."version" FROM "schema_migrations" ORDER BY "schema_migrations"."version" ASC[0m
Migrating to AddNameToUser (20200929054343)
  [1m[35m (0.1ms)[0m  [1m[36mbegin transaction[0m
  [1m[35m (0.5ms)[0m  [1m[35mALTER TABLE "users" ADD "name" varchar DEFAULT '' NOT NULL[0m
  [1m[36mprimary::SchemaMigration Create (0.2ms)[0m  [1m[32mINSERT INTO "schema_migrations" ("version") VALUES (?)[0m  [["version", "20200929054343"]]
  [1m[35m (0.7ms)[0m  [1m[36mcommit transaction[0m
  [1m[36mActiveRecord::InternalMetadata Load (0.2ms)[0m  [1m[34mSELECT "ar_internal_metadata".* FROM "ar_internal_metadata" WHERE "ar_internal_metadata"."key" = ? LIMIT ?[0m  [["key", "environment"], ["LIMIT", 1]]
  [1m[35m (0.0ms)[0m  [1m[34mSELECT sqlite_version(*)[0m
  [1m[35m (0.1ms)[0m  [1m[34mSELECT "schema_migrations"."version" FROM "schema_migrations" ORDER BY "schema_migrations"."version" ASC[0m
Started GET "/users/sign_in" for ::1 at 2020-09-29 14:48:48 +0900
  [1m[35m (0.0ms)[0m  [1m[34mSELECT sqlite_version(*)[0m
  [1m[35m (0.1ms)[0m  [1m[34mSELECT "schema_migrations"."version" FROM "schema_migrations" ORDER BY "schema_migrations"."version" ASC[0m
Processing by Devise::SessionsController#new as HTML
  Rendering devise/sessions/new.html.erb within layouts/application
  Rendered devise/shared/_links.html.erb (Duration: 1.2ms | Allocations: 559)
  Rendered devise/sessions/new.html.erb within layouts/application (Duration: 4.6ms | Allocations: 1998)
[Webpacker] Everything's up-to-date. Nothing to do
Completed 200 OK in 32ms (Views: 24.1ms | ActiveRecord: 0.0ms | Allocations: 16287)


Started GET "/" for ::1 at 2020-09-30 01:34:39 +0900
  [1m[35m (0.6ms)[0m  [1m[34mSELECT sqlite_version(*)[0m
  [1m[35m (0.1ms)[0m  [1m[34mSELECT "schema_migrations"."version" FROM "schema_migrations" ORDER BY "schema_migrations"."version" ASC[0m
Processing by PagesController#home as HTML
  Rendering pages/home.html.erb within layouts/application
  Rendered pages/home.html.erb within layouts/application (Duration: 6.5ms | Allocations: 421)
[Webpacker] Everything's up-to-date. Nothing to do
Completed 200 OK in 143ms (Views: 133.4ms | ActiveRecord: 0.0ms | Allocations: 21782)


Started GET "/" for ::1 at 2020-09-30 01:34:41 +0900
Processing by PagesController#home as HTML
  Rendering pages/home.html.erb within layouts/application
  Rendered pages/home.html.erb within layouts/application (Duration: 0.3ms | Allocations: 108)
[Webpacker] Everything's up-to-date. Nothing to do
Completed 200 OK in 17ms (Views: 15.7ms | ActiveRecord: 0.0ms | Allocations: 7440)


Started GET "/" for ::1 at 2020-09-30 01:34:44 +0900
Processing by PagesController#home as HTML
  Rendering pages/home.html.erb within layouts/application
  Rendered pages/home.html.erb within layouts/application (Duration: 0.2ms | Allocations: 106)
[Webpacker] Everything's up-to-date. Nothing to do
Completed 200 OK in 21ms (Views: 20.7ms | ActiveRecord: 0.0ms | Allocations: 7440)


Started GET "/" for ::1 at 2020-09-30 01:34:47 +0900
Processing by PagesController#home as HTML
  Rendering pages/home.html.erb within layouts/application
  Rendered pages/home.html.erb within layouts/application (Duration: 0.8ms | Allocations: 106)
[Webpacker] Everything's up-to-date. Nothing to do
Completed 200 OK in 26ms (Views: 25.8ms | ActiveRecord: 0.0ms | Allocations: 7438)


Started GET "/" for ::1 at 2020-09-30 01:34:48 +0900
Processing by PagesController#home as HTML
  Rendering pages/home.html.erb within layouts/application
  Rendered pages/home.html.erb within layouts/application (Duration: 0.2ms | Allocations: 106)
[Webpacker] Everything's up-to-date. Nothing to do
Completed 200 OK in 10ms (Views: 9.8ms | ActiveRecord: 0.0ms | Allocations: 7444)


Started GET "/" for ::1 at 2020-09-30 09:53:00 +0900
  [1m[35m (0.4ms)[0m  [1m[34mSELECT sqlite_version(*)[0m
Processing by PagesController#home as HTML
  Rendering pages/home.html.erb within layouts/application
  Rendered pages/home.html.erb within layouts/application (Duration: 3.8ms | Allocations: 105)
[Webpacker] Everything's up-to-date. Nothing to do
Completed 200 OK in 58ms (Views: 44.3ms | ActiveRecord: 0.0ms | Allocations: 7435)


Started GET "/users/sign_in" for ::1 at 2020-09-30 09:53:04 +0900
Processing by Devise::SessionsController#new as HTML
  Rendering devise/sessions/new.html.erb within layouts/application
  Rendered devise/shared/_links.html.erb (Duration: 2.3ms | Allocations: 638)
  Rendered devise/sessions/new.html.erb within layouts/application (Duration: 55.3ms | Allocations: 5393)
[Webpacker] Everything's up-to-date. Nothing to do
Completed 200 OK in 129ms (Views: 95.6ms | ActiveRecord: 2.4ms | Allocations: 20752)


Started POST "/users/sign_in" for ::1 at 2020-09-30 09:53:11 +0900
Processing by Devise::SessionsController#create as HTML
  Parameters: {"authenticity_token"=>"c+UssPjgITngaZz4tdDeLdTVtlinOWhNZb+uKlDJSDUF6qdneHi0zFEU4suHt2IL3NYhk+IksvnIQwPsiRaFww==", "user"=>{"email"=>"mamekiti084@gmail.com", "password"=>"[FILTERED]", "remember_me"=>"0"}, "commit"=>"Log in"}
  [1m[36mUser Load (0.8ms)[0m  [1m[34mSELECT "users".* FROM "users" WHERE "users"."email" = ? ORDER BY "users"."id" ASC LIMIT ?[0m  [["email", "mamekiti084@gmail.com"], ["LIMIT", 1]]
Redirected to http://localhost:3000/
Completed 302 Found in 248ms (ActiveRecord: 0.8ms | Allocations: 5250)


Started GET "/" for ::1 at 2020-09-30 09:53:11 +0900
Processing by PagesController#home as HTML
  Rendering pages/home.html.erb within layouts/application
  [1m[36mUser Load (0.2ms)[0m  [1m[34mSELECT "users".* FROM "users" WHERE "users"."id" = ? ORDER BY "users"."id" ASC LIMIT ?[0m  [["id", 1], ["LIMIT", 1]]
  ↳ app/views/pages/home.html.erb:1
  Rendered pages/home.html.erb within layouts/application (Duration: 1.7ms | Allocations: 996)
[Webpacker] Everything's up-to-date. Nothing to do
  Rendered partial/_navbar.html.erb (Duration: 1.0ms | Allocations: 257)
Completed 200 OK in 12ms (Views: 11.4ms | ActiveRecord: 0.2ms | Allocations: 8780)


Started DELETE "/users/sign_out" for ::1 at 2020-09-30 09:53:16 +0900
Processing by Devise::SessionsController#destroy as HTML
  Parameters: {"authenticity_token"=>"3ApWOzsk5MLhKQ7nUS0zxxHtlSCXFwkaHPvDh7m0QXuVgGTQzCbF/lGKStmgup3Ok8sY2Z7HotGA9ehVrgui4g=="}
  [1m[36mUser Load (0.2ms)[0m  [1m[34mSELECT "users".* FROM "users" WHERE "users"."id" = ? ORDER BY "users"."id" ASC LIMIT ?[0m  [["id", 1], ["LIMIT", 1]]
Redirected to http://localhost:3000/
Completed 302 Found in 7ms (ActiveRecord: 0.2ms | Allocations: 2603)


Started GET "/" for ::1 at 2020-09-30 09:53:16 +0900
Processing by PagesController#home as HTML
  Rendering pages/home.html.erb within layouts/application
  Rendered pages/home.html.erb within layouts/application (Duration: 0.2ms | Allocations: 106)
[Webpacker] Everything's up-to-date. Nothing to do
Completed 200 OK in 9ms (Views: 8.5ms | ActiveRecord: 0.0ms | Allocations: 7455)


Started GET "/" for ::1 at 2020-09-30 09:53:17 +0900
Processing by PagesController#home as HTML
  Rendering pages/home.html.erb within layouts/application
  Rendered pages/home.html.erb within layouts/application (Duration: 0.2ms | Allocations: 105)
[Webpacker] Everything's up-to-date. Nothing to do
Completed 200 OK in 15ms (Views: 14.1ms | ActiveRecord: 0.0ms | Allocations: 7434)


Started GET "/" for ::1 at 2020-09-30 09:53:20 +0900
Processing by PagesController#home as HTML
  Rendering pages/home.html.erb within layouts/application
  Rendered pages/home.html.erb within layouts/application (Duration: 0.3ms | Allocations: 105)
[Webpacker] Everything's up-to-date. Nothing to do
Completed 200 OK in 12ms (Views: 11.3ms | ActiveRecord: 0.0ms | Allocations: 7437)


Started GET "/" for ::1 at 2020-09-30 09:53:20 +0900
Processing by PagesController#home as HTML
  Rendering pages/home.html.erb within layouts/application
  Rendered pages/home.html.erb within layouts/application (Duration: 0.3ms | Allocations: 105)
[Webpacker] Everything's up-to-date. Nothing to do
Completed 200 OK in 12ms (Views: 11.0ms | ActiveRecord: 0.0ms | Allocations: 7429)


Started GET "/" for ::1 at 2020-09-30 09:53:20 +0900
Processing by PagesController#home as HTML
  Rendering pages/home.html.erb within layouts/application
  Rendered pages/home.html.erb within layouts/application (Duration: 0.2ms | Allocations: 105)
[Webpacker] Everything's up-to-date. Nothing to do
Completed 200 OK in 12ms (Views: 10.8ms | ActiveRecord: 0.0ms | Allocations: 7432)


Started GET "/" for ::1 at 2020-09-30 09:53:20 +0900
Processing by PagesController#home as HTML
  Rendering pages/home.html.erb within layouts/application
  Rendered pages/home.html.erb within layouts/application (Duration: 0.2ms | Allocations: 105)
[Webpacker] Everything's up-to-date. Nothing to do
Completed 200 OK in 12ms (Views: 11.8ms | ActiveRecord: 0.0ms | Allocations: 7432)


Started GET "/" for ::1 at 2020-09-30 09:57:44 +0900
  [1m[35m (0.1ms)[0m  [1m[34mSELECT sqlite_version(*)[0m
  
SyntaxError (/Users/yukiti/Like_instagram/app/controllers/application_controller.rb:12: syntax error, unexpected end-of-input, expecting end):
  
app/controllers/application_controller.rb:12: syntax error, unexpected end-of-input, expecting end
app/controllers/application_controller.rb:12: syntax error, unexpected end-of-input, expecting end
app/controllers/application_controller.rb:12: syntax error, unexpected end-of-input, expecting end
app/controllers/pages_controller.rb:1:in `<main>'
Started GET "/users/sign_up" for ::1 at 2020-09-30 10:00:21 +0900
Started GET "/" for ::1 at 2020-09-30 10:00:30 +0900
Started GET "/users/sign_up" for ::1 at 2020-09-30 10:00:34 +0900
  [1m[35m (0.1ms)[0m  [1m[34mSELECT sqlite_version(*)[0m
  [1m[35m (0.0ms)[0m  [1m[34mSELECT sqlite_version(*)[0m
Processing by Devise::RegistrationsController#new as HTML
  [1m[35m (0.0ms)[0m  [1m[34mSELECT sqlite_version(*)[0m
Processing by PagesController#home as HTML
  Rendering devise/registrations/new.html.erb within layouts/application
Processing by Devise::RegistrationsController#new as HTML
  Rendering devise/registrations/new.html.erb within layouts/application
  Rendering pages/home.html.erb within layouts/application
  Rendered pages/home.html.erb within layouts/application (Duration: 0.2ms | Allocations: 113)
  Rendered devise/shared/_error_messages.html.erb (Duration: 1.0ms | Allocations: 675)
  Rendered devise/shared/_error_messages.html.erb (Duration: 1.1ms | Allocations: 679)
  Rendered devise/shared/_links.html.erb (Duration: 0.2ms | Allocations: 125)
  Rendered devise/shared/_links.html.erb (Duration: 0.1ms | Allocations: 78)
  Rendered devise/registrations/new.html.erb within layouts/application (Duration: 7.4ms | Allocations: 4890)
  Rendered devise/registrations/new.html.erb within layouts/application (Duration: 8.8ms | Allocations: 5510)
[Webpacker] Everything's up-to-date. Nothing to do
[Webpacker] Everything's up-to-date. Nothing to do
Completed 200 OK in 52ms (Views: 51.2ms | ActiveRecord: 0.0ms | Allocations: 24530)


Completed 200 OK in 67ms (Views: 58.5ms | ActiveRecord: 0.6ms | Allocations: 34517)


[Webpacker] Everything's up-to-date. Nothing to do
Completed 200 OK in 56ms (Views: 55.4ms | ActiveRecord: 0.0ms | Allocations: 25787)


Started GET "/" for ::1 at 2020-09-30 10:00:42 +0900
Processing by PagesController#home as HTML
  Rendering pages/home.html.erb within layouts/application
  Rendered pages/home.html.erb within layouts/application (Duration: 0.3ms | Allocations: 107)
[Webpacker] Everything's up-to-date. Nothing to do
Completed 200 OK in 9ms (Views: 8.5ms | ActiveRecord: 0.0ms | Allocations: 7442)


Started GET "/users/sign_up" for ::1 at 2020-09-30 10:00:46 +0900
Processing by Devise::RegistrationsController#new as HTML
  Rendering devise/registrations/new.html.erb within layouts/application
  Rendered devise/shared/_error_messages.html.erb (Duration: 0.2ms | Allocations: 15)
  Rendered devise/shared/_links.html.erb (Duration: 0.2ms | Allocations: 78)
  Rendered devise/registrations/new.html.erb within layouts/application (Duration: 2.9ms | Allocations: 1069)
[Webpacker] Everything's up-to-date. Nothing to do
Completed 200 OK in 13ms (Views: 11.8ms | ActiveRecord: 0.0ms | Allocations: 8635)


Started GET "/users/sign_in" for ::1 at 2020-09-30 10:00:58 +0900
Processing by Devise::SessionsController#new as HTML
  Rendering devise/sessions/new.html.erb within layouts/application
  Rendered devise/shared/_links.html.erb (Duration: 0.2ms | Allocations: 147)
  Rendered devise/sessions/new.html.erb within layouts/application (Duration: 1.5ms | Allocations: 1086)
[Webpacker] Everything's up-to-date. Nothing to do
Completed 200 OK in 13ms (Views: 12.5ms | ActiveRecord: 0.0ms | Allocations: 8930)


Started POST "/users/sign_in" for ::1 at 2020-09-30 10:01:07 +0900
Processing by Devise::SessionsController#create as HTML
  Parameters: {"authenticity_token"=>"ECSOJWGKUZQCVxc1R35BWFIeDhp6a4TUhRRZCz1B0VhVkXisYzAghTx303endH1Xy4vURA8VY60R39nYBJ5p5A==", "user"=>{"email"=>"mamekiti084@gmail.com", "password"=>"[FILTERED]", "remember_me"=>"0"}, "commit"=>"Log in"}
Completed 401 Unauthorized in 1ms (ActiveRecord: 0.0ms | Allocations: 444)


Processing by Devise::SessionsController#new as HTML
  Parameters: {"authenticity_token"=>"ECSOJWGKUZQCVxc1R35BWFIeDhp6a4TUhRRZCz1B0VhVkXisYzAghTx303endH1Xy4vURA8VY60R39nYBJ5p5A==", "user"=>{"email"=>"mamekiti084@gmail.com", "password"=>"[FILTERED]", "remember_me"=>"0"}, "commit"=>"Log in"}
  Rendering devise/sessions/new.html.erb within layouts/application
  Rendered devise/shared/_links.html.erb (Duration: 0.2ms | Allocations: 134)
  Rendered devise/sessions/new.html.erb within layouts/application (Duration: 1.8ms | Allocations: 1062)
[Webpacker] Everything's up-to-date. Nothing to do
Completed 200 OK in 11ms (Views: 10.3ms | ActiveRecord: 0.0ms | Allocations: 8591)


Started POST "/users/sign_in" for ::1 at 2020-09-30 10:01:11 +0900
Processing by Devise::SessionsController#create as HTML
  Parameters: {"authenticity_token"=>"4O3wE25r3cwqKnm1M+5wBWLBgDYlQFA15sue7svOHWJXmgnDw6d7ZqJNLg/nPnb+fL9zzMM9kS4+pWBqRdFHAg==", "user"=>{"email"=>"mamekiti084@gmail.com", "password"=>"[FILTERED]", "remember_me"=>"0"}, "commit"=>"Log in"}
  [1m[36mUser Load (0.3ms)[0m  [1m[34mSELECT "users".* FROM "users" WHERE "users"."email" = ? ORDER BY "users"."id" ASC LIMIT ?[0m  [["email", "mamekiti084@gmail.com"], ["LIMIT", 1]]
Redirected to http://localhost:3000/
Completed 302 Found in 213ms (ActiveRecord: 0.3ms | Allocations: 2837)


Started GET "/" for ::1 at 2020-09-30 10:01:11 +0900
Processing by PagesController#home as HTML
  Rendering pages/home.html.erb within layouts/application
  [1m[36mUser Load (0.2ms)[0m  [1m[34mSELECT "users".* FROM "users" WHERE "users"."id" = ? ORDER BY "users"."id" ASC LIMIT ?[0m  [["id", 1], ["LIMIT", 1]]
  ↳ app/views/pages/home.html.erb:1
  Rendered pages/home.html.erb within layouts/application (Duration: 1.7ms | Allocations: 990)
[Webpacker] Everything's up-to-date. Nothing to do
  Rendered partial/_navbar.html.erb (Duration: 0.1ms | Allocations: 75)
Completed 200 OK in 21ms (Views: 20.4ms | ActiveRecord: 0.2ms | Allocations: 8452)


Started GET "/" for ::1 at 2020-09-30 10:01:14 +0900
Processing by PagesController#home as HTML
  Rendering pages/home.html.erb within layouts/application
  [1m[36mUser Load (0.2ms)[0m  [1m[34mSELECT "users".* FROM "users" WHERE "users"."id" = ? ORDER BY "users"."id" ASC LIMIT ?[0m  [["id", 1], ["LIMIT", 1]]
  ↳ app/views/pages/home.html.erb:1
  Rendered pages/home.html.erb within layouts/application (Duration: 2.4ms | Allocations: 963)
[Webpacker] Everything's up-to-date. Nothing to do
  Rendered partial/_navbar.html.erb (Duration: 0.2ms | Allocations: 74)
Completed 200 OK in 17ms (Views: 16.7ms | ActiveRecord: 0.2ms | Allocations: 8410)


Started GET "/" for ::1 at 2020-09-30 10:01:18 +0900
Processing by PagesController#home as HTML
  Rendering pages/home.html.erb within layouts/application
  [1m[36mUser Load (0.2ms)[0m  [1m[34mSELECT "users".* FROM "users" WHERE "users"."id" = ? ORDER BY "users"."id" ASC LIMIT ?[0m  [["id", 1], ["LIMIT", 1]]
  ↳ app/views/pages/home.html.erb:1
  Rendered pages/home.html.erb within layouts/application (Duration: 2.9ms | Allocations: 960)
[Webpacker] Everything's up-to-date. Nothing to do
  Rendered partial/_navbar.html.erb (Duration: 0.1ms | Allocations: 74)
Completed 200 OK in 15ms (Views: 14.4ms | ActiveRecord: 0.2ms | Allocations: 8401)


Started GET "/" for ::1 at 2020-09-30 10:02:51 +0900
Processing by PagesController#home as HTML
  Rendering pages/home.html.erb within layouts/application
  [1m[36mUser Load (0.2ms)[0m  [1m[34mSELECT "users".* FROM "users" WHERE "users"."id" = ? ORDER BY "users"."id" ASC LIMIT ?[0m  [["id", 1], ["LIMIT", 1]]
  ↳ app/views/pages/home.html.erb:1
  Rendered pages/home.html.erb within layouts/application (Duration: 1.6ms | Allocations: 960)
[Webpacker] Everything's up-to-date. Nothing to do
  Rendered partial/_navbar.html.erb (Duration: 0.1ms | Allocations: 74)
Completed 200 OK in 12ms (Views: 10.9ms | ActiveRecord: 0.2ms | Allocations: 8406)


Started GET "/" for ::1 at 2020-09-30 10:10:17 +0900
Started GET "/users/sign_up" for ::1 at 2020-09-30 10:10:32 +0900
Started GET "/users/sign_up" for ::1 at 2020-09-30 11:21:53 +0900
Started GET "/users/sign_up" for ::1 at 2020-09-30 11:21:55 +0900
  [1m[35m (0.0ms)[0m  [1m[34mSELECT sqlite_version(*)[0m
  [1m[35m (0.0ms)[0m  [1m[34mSELECT sqlite_version(*)[0m
  [1m[35m (0.0ms)[0m  [1m[34mSELECT sqlite_version(*)[0m
  [1m[35m (0.0ms)[0m  [1m[34mSELECT sqlite_version(*)[0m
Processing by Devise::RegistrationsController#new as HTML
Processing by PagesController#home as HTML
Processing by Devise::RegistrationsController#new as HTML
  [1m[36mUser Load (0.2ms)[0m  [1m[34mSELECT "users".* FROM "users" WHERE "users"."id" = ? ORDER BY "users"."id" ASC LIMIT ?[0m  [["id", 1], ["LIMIT", 1]]
Processing by Devise::RegistrationsController#new as HTML
  [1m[36mUser Load (0.2ms)[0m  [1m[34mSELECT "users".* FROM "users" WHERE "users"."id" = ? ORDER BY "users"."id" ASC LIMIT ?[0m  [["id", 1], ["LIMIT", 1]]
Redirected to http://localhost:3000/
Filter chain halted as :require_no_authentication rendered or redirected
Redirected to http://localhost:3000/
  Rendering pages/home.html.erb within layouts/application
  [1m[36mUser Load (0.2ms)[0m  [1m[34mSELECT "users".* FROM "users" WHERE "users"."id" = ? ORDER BY "users"."id" ASC LIMIT ?[0m  [["id", 1], ["LIMIT", 1]]
Completed 302 Found in 17ms (ActiveRecord: 0.2ms | Allocations: 11239)


Filter chain halted as :require_no_authentication rendered or redirected
Redirected to http://localhost:3000/
Completed 302 Found in 17ms (ActiveRecord: 0.2ms | Allocations: 11715)


  [1m[36mUser Load (0.2ms)[0m  [1m[34mSELECT "users".* FROM "users" WHERE "users"."id" = ? ORDER BY "users"."id" ASC LIMIT ?[0m  [["id", 1], ["LIMIT", 1]]
Filter chain halted as :require_no_authentication rendered or redirected
  ↳ app/views/pages/home.html.erb:1
Completed 302 Found in 11ms (ActiveRecord: 0.2ms | Allocations: 5710)


  Rendered pages/home.html.erb within layouts/application (Duration: 7.6ms | Allocations: 3782)
Started GET "/" for ::1 at 2020-09-30 11:21:55 +0900
Processing by PagesController#home as HTML
  Rendering pages/home.html.erb within layouts/application
  [1m[36mUser Load (0.1ms)[0m  [1m[34mSELECT "users".* FROM "users" WHERE "users"."id" = ? ORDER BY "users"."id" ASC LIMIT ?[0m  [["id", 1], ["LIMIT", 1]]
  ↳ app/views/pages/home.html.erb:1
  Rendered pages/home.html.erb within layouts/application (Duration: 1.9ms | Allocations: 992)
[Webpacker] Everything's up-to-date. Nothing to do
  Rendered partial/_navbar.html.erb (Duration: 0.6ms | Allocations: 271)
Completed 200 OK in 23ms (Views: 22.5ms | ActiveRecord: 0.1ms | Allocations: 10035)


[Webpacker] Everything's up-to-date. Nothing to do
  Rendered partial/_navbar.html.erb (Duration: 0.2ms | Allocations: 74)
Completed 200 OK in 62ms (Views: 59.9ms | ActiveRecord: 0.2ms | Allocations: 32125)


Started DELETE "/users/sign_out" for ::1 at 2020-09-30 11:21:58 +0900
Processing by Devise::SessionsController#destroy as HTML
  Parameters: {"authenticity_token"=>"hoLnMenvq+2MqsgzG/drc8xKS2fP0XqK07QvOyfE1KeuaWZoGbvv/gAS9ePDIvxuZg5m8p+s+L6QUaMMpihgSg=="}
  [1m[36mUser Load (0.1ms)[0m  [1m[34mSELECT "users".* FROM "users" WHERE "users"."id" = ? ORDER BY "users"."id" ASC LIMIT ?[0m  [["id", 1], ["LIMIT", 1]]
Redirected to http://localhost:3000/
Completed 302 Found in 4ms (ActiveRecord: 0.1ms | Allocations: 2346)


Started GET "/" for ::1 at 2020-09-30 11:21:58 +0900
Processing by PagesController#home as HTML
  Rendering pages/home.html.erb within layouts/application
  Rendered pages/home.html.erb within layouts/application (Duration: 0.2ms | Allocations: 110)
[Webpacker] Everything's up-to-date. Nothing to do
Completed 200 OK in 10ms (Views: 9.4ms | ActiveRecord: 0.0ms | Allocations: 7458)


Started GET "/" for ::1 at 2020-09-30 11:21:59 +0900
Processing by PagesController#home as HTML
  Rendering pages/home.html.erb within layouts/application
  Rendered pages/home.html.erb within layouts/application (Duration: 0.3ms | Allocations: 105)
[Webpacker] Everything's up-to-date. Nothing to do
Completed 200 OK in 16ms (Views: 15.7ms | ActiveRecord: 0.0ms | Allocations: 7435)


Started GET "/" for ::1 at 2020-09-30 11:22:00 +0900
Processing by PagesController#home as HTML
  Rendering pages/home.html.erb within layouts/application
  Rendered pages/home.html.erb within layouts/application (Duration: 0.2ms | Allocations: 105)
[Webpacker] Everything's up-to-date. Nothing to do
Completed 200 OK in 13ms (Views: 12.0ms | ActiveRecord: 0.0ms | Allocations: 7437)


Started GET "/users/sign_up" for ::1 at 2020-09-30 11:22:05 +0900
Processing by Devise::RegistrationsController#new as HTML
  Rendering devise/registrations/new.html.erb within layouts/application
  Rendered devise/registrations/new.html.erb within layouts/application (Duration: 0.7ms | Allocations: 1089)
Completed 500 Internal Server Error in 4ms (ActiveRecord: 0.0ms | Allocations: 2718)


  
ActionView::SyntaxErrorInTemplate (Encountered a syntax error while rendering template: check <div class = "main">
  <div class = "card devise-card">
    <div class = "form-wrap">
      <div class = "form-group text-center">
        <h2 class = "logo-img mx-auto"> </h2>
          <p class = "text-secondary">友達の写真や動画をチェックしよう</p>
      </div>
      <%= form_with sope: resource, as: resource_name, url: registration_path
      (resource_name), local: true do |f| %>
      
    </div>
  </div>  
</div>

):
1:    <div class = "main">
2:      <div class = "card devise-card">
3:        <div class = "form-wrap">
4:          <div class = "form-group text-center">
5:            <h2 class = "logo-img mx-auto"> </h2>
6:              <p class = "text-secondary">友達の写真や動画をチェックしよう</p>
7:          </div>
8:          <%= form_with sope: resource, as: resource_name, url: registration_path
9:          (resource_name), local: true do |f| %>
10:          
11:        </div>
12:      </div>  
13:    </div>
  
app/views/devise/registrations/new.html.erb:9: syntax error, unexpected ',', expecting end
app/views/devise/registrations/new.html.erb:9: syntax error, unexpected ',', expecting end
app/views/devise/registrations/new.html.erb:9: syntax error, unexpected ',', expecting end
app/views/devise/registrations/new.html.erb:9: syntax error, unexpected ',', expecting end
app/views/devise/registrations/new.html.erb:9: syntax error, unexpected ',', expecting end
app/views/devise/registrations/new.html.erb:9: syntax error, unexpected ',', expecting end
Started GET "/" for ::1 at 2020-09-30 11:50:50 +0900
  [1m[35m (0.1ms)[0m  [1m[34mSELECT sqlite_version(*)[0m
Processing by PagesController#home as HTML
  Rendering pages/home.html.erb within layouts/application
  Rendered pages/home.html.erb within layouts/application (Duration: 0.2ms | Allocations: 105)
[Webpacker] Everything's up-to-date. Nothing to do
Completed 200 OK in 14ms (Views: 13.1ms | ActiveRecord: 0.0ms | Allocations: 7442)


Started GET "/users/sign_in" for ::1 at 2020-09-30 11:50:58 +0900
Processing by Devise::SessionsController#new as HTML
  Rendering devise/sessions/new.html.erb within layouts/application
  Rendered devise/shared/_links.html.erb (Duration: 1.6ms | Allocations: 559)
  Rendered devise/sessions/new.html.erb within layouts/application (Duration: 5.1ms | Allocations: 1993)
[Webpacker] Everything's up-to-date. Nothing to do
Completed 200 OK in 17ms (Views: 15.6ms | ActiveRecord: 0.0ms | Allocations: 10278)


Started GET "/users/sign_in" for ::1 at 2020-09-30 12:37:14 +0900
  [1m[35m (0.1ms)[0m  [1m[34mSELECT sqlite_version(*)[0m
Processing by Devise::SessionsController#new as HTML
  Rendering devise/sessions/new.html.erb within layouts/application
  Rendered devise/shared/_links.html.erb (Duration: 0.6ms | Allocations: 546)
  Rendered devise/sessions/new.html.erb within layouts/application (Duration: 2.4ms | Allocations: 1926)
[Webpacker] Everything's up-to-date. Nothing to do
Completed 200 OK in 15ms (Views: 14.4ms | ActiveRecord: 0.0ms | Allocations: 11112)


Started GET "/users/sign_in" for ::1 at 2020-09-30 12:37:15 +0900
Processing by Devise::SessionsController#new as HTML
  Rendering devise/sessions/new.html.erb within layouts/application
  Rendered devise/shared/_links.html.erb (Duration: 0.2ms | Allocations: 134)
  Rendered devise/sessions/new.html.erb within layouts/application (Duration: 2.2ms | Allocations: 1067)
[Webpacker] Everything's up-to-date. Nothing to do
Completed 200 OK in 13ms (Views: 11.7ms | ActiveRecord: 0.0ms | Allocations: 8688)


Started GET "/users/sign_in" for ::1 at 2020-09-30 12:43:23 +0900
  [1m[35m (0.1ms)[0m  [1m[34mSELECT sqlite_version(*)[0m
Processing by Devise::SessionsController#new as HTML
  Rendering devise/sessions/new.html.erb within layouts/application
  Rendered devise/shared/_links.html.erb (Duration: 0.6ms | Allocations: 546)
  Rendered devise/sessions/new.html.erb within layouts/application (Duration: 2.5ms | Allocations: 1926)
[Webpacker] Everything's up-to-date. Nothing to do
Completed 200 OK in 15ms (Views: 13.3ms | ActiveRecord: 0.0ms | Allocations: 11104)


Started GET "/users/sign_in" for ::1 at 2020-09-30 12:44:50 +0900
Processing by Devise::SessionsController#new as HTML
  Rendering devise/sessions/new.html.erb within layouts/application
  Rendered devise/shared/_links.html.erb (Duration: 0.2ms | Allocations: 134)
  Rendered devise/sessions/new.html.erb within layouts/application (Duration: 1.8ms | Allocations: 1067)
Completed 500 Internal Server Error in 144ms (ActiveRecord: 0.0ms | Allocations: 17809)


  
ActionView::Template::Error (Error: File to import not found or unreadable: common.
        on line 21:2 of app/assets/stylesheets/application.scss
>>  @import "common";

   -^
):
     5:     <%= csrf_meta_tags %>
     6:     <%= csp_meta_tag %>
     7: 
     8:     <%= stylesheet_link_tag 'application', media: 'all', 'data-turbolinks-track': 'reload' %>
     9:     <%= javascript_pack_tag 'application', 'data-turbolinks-track': 'reload' %>
    10:   </head>
    11: 
  
app/assets/stylesheets/application.scss:21
app/views/layouts/application.html.erb:8
